17:29:35  Running with dbt=1.7.13
17:29:36  Installing dbt-labs/dbt_utils
17:29:36  Installed from version 1.1.1
17:29:36  Updated version available: 1.3.0
17:29:36  
17:29:36  Updates available for packages: ['dbt-labs/dbt_utils']                 
Update your versions in packages.yml, then run dbt deps
17:29:39  Running with dbt=1.7.13
17:29:40  Registered adapter: spark=1.7.1
17:29:40  Found 44 models, 4 tests, 17 sources, 0 exposures, 0 metrics, 553 macros, 0 groups, 0 semantic models
17:29:40  
:: loading settings :: url = jar:file:/usr/local/lib/python3.8/dist-packages/pyspark/jars/ivy-2.5.1.jar!/org/apache/ivy/core/settings/ivysettings.xml
Ivy Default Cache set to: /root/.ivy2/cache
The jars for the packages stored in: /root/.ivy2/jars
com.databricks#spark-xml_2.12 added as a dependency
:: resolving dependencies :: org.apache.spark#spark-submit-parent-7ce10510-afa3-4021-a35b-888bf080b547;1.0
	confs: [default]
	found com.databricks#spark-xml_2.12;0.17.0 in central
	found commons-io#commons-io;2.11.0 in central
	found org.glassfish.jaxb#txw2;3.0.2 in central
	found org.apache.ws.xmlschema#xmlschema-core;2.3.0 in central
	found org.scala-lang.modules#scala-collection-compat_2.12;2.9.0 in central
:: resolution report :: resolve 470ms :: artifacts dl 19ms
	:: modules in use:
	com.databricks#spark-xml_2.12;0.17.0 from central in [default]
	commons-io#commons-io;2.11.0 from central in [default]
	org.apache.ws.xmlschema#xmlschema-core;2.3.0 from central in [default]
	org.glassfish.jaxb#txw2;3.0.2 from central in [default]
	org.scala-lang.modules#scala-collection-compat_2.12;2.9.0 from central in [default]
	---------------------------------------------------------------------
	|                  |            modules            ||   artifacts   |
	|       conf       | number| search|dwnlded|evicted|| number|dwnlded|
	---------------------------------------------------------------------
	|      default     |   5   |   0   |   0   |   0   ||   5   |   0   |
	---------------------------------------------------------------------
:: retrieving :: org.apache.spark#spark-submit-parent-7ce10510-afa3-4021-a35b-888bf080b547
	confs: [default]
	0 artifacts copied, 5 already retrieved (0kB/29ms)
WARNING: An illegal reflective access operation has occurred
WARNING: Illegal reflective access by org.apache.hadoop.shaded.org.xbill.DNS.ResolverConfig (file:/usr/local/lib/python3.8/dist-packages/pyspark/jars/hadoop-client-runtime-3.3.2.jar) to method sun.net.dns.ResolverConfiguration.open()
WARNING: Please consider reporting this to the maintainers of org.apache.hadoop.shaded.org.xbill.DNS.ResolverConfig
WARNING: Use --illegal-access=warn to enable warnings of further illegal reflective access operations
WARNING: All illegal access operations will be denied in a future release
25/01/19 17:29:45 WARN NativeCodeLoader: Unable to load native-hadoop library for your platform... using builtin-java classes where applicable
Setting default log level to "WARN".
To adjust logging level use sc.setLogLevel(newLevel). For SparkR, use setLogLevel(newLevel).
25/01/19 17:29:49 WARN DomainSocketFactory: The short-circuit local reads feature cannot be used because libhadoop cannot be loaded.
25/01/19 17:29:49 WARN Client: Neither spark.yarn.jars nor spark.yarn.archive is set, falling back to uploading libraries under SPARK_HOME.
25/01/19 17:29:58 WARN Client: Same path resource file:///root/.ivy2/jars/com.databricks_spark-xml_2.12-0.17.0.jar added multiple times to distributed cache.
25/01/19 17:29:58 WARN Client: Same path resource file:///root/.ivy2/jars/commons-io_commons-io-2.11.0.jar added multiple times to distributed cache.
25/01/19 17:29:58 WARN Client: Same path resource file:///root/.ivy2/jars/org.glassfish.jaxb_txw2-3.0.2.jar added multiple times to distributed cache.
25/01/19 17:29:58 WARN Client: Same path resource file:///root/.ivy2/jars/org.apache.ws.xmlschema_xmlschema-core-2.3.0.jar added multiple times to distributed cache.
25/01/19 17:29:58 WARN Client: Same path resource file:///root/.ivy2/jars/org.scala-lang.modules_scala-collection-compat_2.12-2.9.0.jar added multiple times to distributed cache.
25/01/19 17:30:23 WARN HiveClientImpl: Detected HiveConf hive.execution.engine is 'tez' and will be reset to 'mr' to disable useless hive logic
17:30:27  Concurrency: 1 threads (target='dev')
17:30:27  
17:30:27  1 of 43 START sql table model demo_bronze.brokerage_cash_transaction ........... [RUN]
25/01/19 17:30:29 WARN ResolveSessionCatalog: A Hive serde table will be created as there is no table provider specified. You can set spark.sql.legacy.createHiveTableByDefault to false so that native data source table will be created instead.
25/01/19 17:30:29 WARN SessionState: METASTORE_FILTER_HOOK will be ignored, since hive.security.authorization.manager is set to instance of HiveAuthorizerFactory.
17:31:02  1 of 43 OK created sql table model demo_bronze.brokerage_cash_transaction ...... [OK in 35.32s]
17:31:02  2 of 43 START sql table model demo_bronze.brokerage_daily_market ............... [RUN]
25/01/19 17:31:03 WARN ResolveSessionCatalog: A Hive serde table will be created as there is no table provider specified. You can set spark.sql.legacy.createHiveTableByDefault to false so that native data source table will be created instead.
17:31:58  2 of 43 OK created sql table model demo_bronze.brokerage_daily_market .......... [OK in 55.98s]
17:31:58  3 of 43 START sql table model demo_bronze.brokerage_holding_history ............ [RUN]
25/01/19 17:31:58 WARN ResolveSessionCatalog: A Hive serde table will be created as there is no table provider specified. You can set spark.sql.legacy.createHiveTableByDefault to false so that native data source table will be created instead.
17:32:06  3 of 43 OK created sql table model demo_bronze.brokerage_holding_history ....... [OK in 7.88s]
17:32:06  4 of 43 START sql table model demo_bronze.brokerage_trade ...................... [RUN]
25/01/19 17:32:06 WARN ResolveSessionCatalog: A Hive serde table will be created as there is no table provider specified. You can set spark.sql.legacy.createHiveTableByDefault to false so that native data source table will be created instead.
17:32:54  4 of 43 OK created sql table model demo_bronze.brokerage_trade ................. [OK in 47.72s]
17:32:54  5 of 43 START sql table model demo_bronze.brokerage_trade_history .............. [RUN]
25/01/19 17:32:54 WARN ResolveSessionCatalog: A Hive serde table will be created as there is no table provider specified. You can set spark.sql.legacy.createHiveTableByDefault to false so that native data source table will be created instead.
17:34:30  5 of 43 OK created sql table model demo_bronze.brokerage_trade_history ......... [OK in 96.23s]
17:34:30  6 of 43 START sql table model demo_bronze.brokerage_watch_history .............. [RUN]
25/01/19 17:34:30 WARN ResolveSessionCatalog: A Hive serde table will be created as there is no table provider specified. You can set spark.sql.legacy.createHiveTableByDefault to false so that native data source table will be created instead.
17:36:40  6 of 43 OK created sql table model demo_bronze.brokerage_watch_history ......... [OK in 130.42s]
17:36:40  7 of 43 START sql table model demo_bronze.crm_customer_mgmt .................... [RUN]
25/01/19 17:36:41 WARN ResolveSessionCatalog: A Hive serde table will be created as there is no table provider specified. You can set spark.sql.legacy.createHiveTableByDefault to false so that native data source table will be created instead.
25/01/19 17:36:41 WARN package: Truncated the string representation of a plan since it was too large. This behavior can be adjusted by setting 'spark.sql.debug.maxToStringFields'.
17:36:54  7 of 43 OK created sql table model demo_bronze.crm_customer_mgmt ............... [OK in 13.82s]
17:36:54  8 of 43 START sql table model demo_bronze.finwire_company ...................... [RUN]
25/01/19 17:36:55 WARN ResolveSessionCatalog: A Hive serde table will be created as there is no table provider specified. You can set spark.sql.legacy.createHiveTableByDefault to false so that native data source table will be created instead.
17:36:58  8 of 43 OK created sql table model demo_bronze.finwire_company ................. [OK in 3.97s]
17:36:58  9 of 43 START sql table model demo_bronze.finwire_financial .................... [RUN]
25/01/19 17:36:59 WARN ResolveSessionCatalog: A Hive serde table will be created as there is no table provider specified. You can set spark.sql.legacy.createHiveTableByDefault to false so that native data source table will be created instead.
17:38:15  9 of 43 OK created sql table model demo_bronze.finwire_financial ............... [OK in 76.34s]
17:38:15  10 of 43 START sql table model demo_bronze.finwire_security .................... [RUN]
25/01/19 17:38:15 WARN ResolveSessionCatalog: A Hive serde table will be created as there is no table provider specified. You can set spark.sql.legacy.createHiveTableByDefault to false so that native data source table will be created instead.
17:38:19  10 of 43 OK created sql table model demo_bronze.finwire_security ............... [OK in 4.46s]
17:38:19  11 of 43 START sql table model demo_bronze.hr_employee ......................... [RUN]
25/01/19 17:38:19 WARN ResolveSessionCatalog: A Hive serde table will be created as there is no table provider specified. You can set spark.sql.legacy.createHiveTableByDefault to false so that native data source table will be created instead.
17:38:27  11 of 43 OK created sql table model demo_bronze.hr_employee .................... [OK in 7.62s]
17:38:27  12 of 43 START sql table model demo_bronze.reference_date ...................... [RUN]
25/01/19 17:38:27 WARN ResolveSessionCatalog: A Hive serde table will be created as there is no table provider specified. You can set spark.sql.legacy.createHiveTableByDefault to false so that native data source table will be created instead.
17:38:28  12 of 43 OK created sql table model demo_bronze.reference_date ................. [OK in 1.23s]
17:38:28  13 of 43 START sql table model demo_bronze.reference_industry .................. [RUN]
25/01/19 17:38:28 WARN ResolveSessionCatalog: A Hive serde table will be created as there is no table provider specified. You can set spark.sql.legacy.createHiveTableByDefault to false so that native data source table will be created instead.
17:38:31  13 of 43 OK created sql table model demo_bronze.reference_industry ............. [OK in 2.60s]
17:38:31  14 of 43 START sql table model demo_bronze.reference_status_type ............... [RUN]
25/01/19 17:38:31 WARN ResolveSessionCatalog: A Hive serde table will be created as there is no table provider specified. You can set spark.sql.legacy.createHiveTableByDefault to false so that native data source table will be created instead.
17:38:33  14 of 43 OK created sql table model demo_bronze.reference_status_type .......... [OK in 2.70s]
17:38:33  15 of 43 START sql table model demo_bronze.reference_tax_rate .................. [RUN]
25/01/19 17:38:34 WARN ResolveSessionCatalog: A Hive serde table will be created as there is no table provider specified. You can set spark.sql.legacy.createHiveTableByDefault to false so that native data source table will be created instead.
17:38:36  15 of 43 OK created sql table model demo_bronze.reference_tax_rate ............. [OK in 2.53s]
17:38:36  16 of 43 START sql table model demo_bronze.reference_trade_type ................ [RUN]
25/01/19 17:38:36 WARN ResolveSessionCatalog: A Hive serde table will be created as there is no table provider specified. You can set spark.sql.legacy.createHiveTableByDefault to false so that native data source table will be created instead.
17:38:39  16 of 43 OK created sql table model demo_bronze.reference_trade_type ........... [OK in 3.29s]
17:38:39  17 of 43 START sql table model demo_bronze.syndicated_prospect ................. [RUN]
25/01/19 17:38:39 WARN ResolveSessionCatalog: A Hive serde table will be created as there is no table provider specified. You can set spark.sql.legacy.createHiveTableByDefault to false so that native data source table will be created instead.
17:38:47  17 of 43 OK created sql table model demo_bronze.syndicated_prospect ............ [OK in 7.99s]
17:38:47  18 of 43 START sql table model demo_silver.daily_market ........................ [RUN]
25/01/19 17:38:47 WARN ResolveSessionCatalog: A Hive serde table will be created as there is no table provider specified. You can set spark.sql.legacy.createHiveTableByDefault to false so that native data source table will be created instead.
17:52:11  18 of 43 OK created sql table model demo_silver.daily_market ................... [OK in 803.47s]
17:52:11  19 of 43 START sql table model demo_silver.employees ........................... [RUN]
25/01/19 17:52:11 WARN ResolveSessionCatalog: A Hive serde table will be created as there is no table provider specified. You can set spark.sql.legacy.createHiveTableByDefault to false so that native data source table will be created instead.
17:52:17  19 of 43 OK created sql table model demo_silver.employees ...................... [OK in 6.25s]
17:52:17  20 of 43 START sql table model demo_silver.date ................................ [RUN]
25/01/19 17:52:17 WARN ResolveSessionCatalog: A Hive serde table will be created as there is no table provider specified. You can set spark.sql.legacy.createHiveTableByDefault to false so that native data source table will be created instead.
17:52:18  20 of 43 OK created sql table model demo_silver.date ........................... [OK in 1.49s]
17:52:18  21 of 43 START sql table model demo_silver.companies ........................... [RUN]
25/01/19 17:52:19 WARN ResolveSessionCatalog: A Hive serde table will be created as there is no table provider specified. You can set spark.sql.legacy.createHiveTableByDefault to false so that native data source table will be created instead.
17:52:31  21 of 43 OK created sql table model demo_silver.companies ...................... [OK in 12.28s]
17:52:31  22 of 43 START sql table model demo_silver.accounts ............................ [RUN]
25/01/19 17:52:31 WARN ResolveSessionCatalog: A Hive serde table will be created as there is no table provider specified. You can set spark.sql.legacy.createHiveTableByDefault to false so that native data source table will be created instead.
17:52:51  22 of 43 OK created sql table model demo_silver.accounts ....................... [OK in 20.32s]
17:52:51  23 of 43 START sql table model demo_silver.customers ........................... [RUN]
25/01/19 17:52:51 WARN ResolveSessionCatalog: A Hive serde table will be created as there is no table provider specified. You can set spark.sql.legacy.createHiveTableByDefault to false so that native data source table will be created instead.
17:53:02  23 of 43 OK created sql table model demo_silver.customers ...................... [OK in 10.00s]
17:53:02  24 of 43 START sql table model demo_silver.trades_history ...................... [RUN]
25/01/19 17:53:02 WARN ResolveSessionCatalog: A Hive serde table will be created as there is no table provider specified. You can set spark.sql.legacy.createHiveTableByDefault to false so that native data source table will be created instead.
18:02:44  24 of 43 OK created sql table model demo_silver.trades_history ................. [OK in 582.07s]
18:02:44  25 of 43 START sql table model demo_gold.dim_broker ............................ [RUN]
25/01/19 18:02:44 WARN ResolveSessionCatalog: A Hive serde table will be created as there is no table provider specified. You can set spark.sql.legacy.createHiveTableByDefault to false so that native data source table will be created instead.
18:02:49  25 of 43 OK created sql table model demo_gold.dim_broker ....................... [OK in 5.31s]
18:02:49  26 of 43 START sql table model demo_gold.dim_date .............................. [RUN]
25/01/19 18:02:49 WARN ResolveSessionCatalog: A Hive serde table will be created as there is no table provider specified. You can set spark.sql.legacy.createHiveTableByDefault to false so that native data source table will be created instead.
18:02:54  26 of 43 OK created sql table model demo_gold.dim_date ......................... [OK in 5.12s]
18:02:54  27 of 43 START sql table model demo_gold.dim_company ........................... [RUN]
25/01/19 18:02:54 WARN ResolveSessionCatalog: A Hive serde table will be created as there is no table provider specified. You can set spark.sql.legacy.createHiveTableByDefault to false so that native data source table will be created instead.
18:02:58  27 of 43 OK created sql table model demo_gold.dim_company ...................... [OK in 3.72s]
18:02:58  28 of 43 START sql table model demo_silver.financials .......................... [RUN]
25/01/19 18:02:58 WARN ResolveSessionCatalog: A Hive serde table will be created as there is no table provider specified. You can set spark.sql.legacy.createHiveTableByDefault to false so that native data source table will be created instead.
18:04:42  28 of 43 OK created sql table model demo_silver.financials ..................... [OK in 104.23s]
18:04:42  29 of 43 START sql table model demo_silver.securities .......................... [RUN]
25/01/19 18:04:42 WARN ResolveSessionCatalog: A Hive serde table will be created as there is no table provider specified. You can set spark.sql.legacy.createHiveTableByDefault to false so that native data source table will be created instead.
18:04:50  29 of 43 OK created sql table model demo_silver.securities ..................... [OK in 7.55s]
18:04:50  30 of 43 START sql table model demo_silver.cash_transactions ................... [RUN]
25/01/19 18:04:50 WARN ResolveSessionCatalog: A Hive serde table will be created as there is no table provider specified. You can set spark.sql.legacy.createHiveTableByDefault to false so that native data source table will be created instead.
18:06:51  30 of 43 OK created sql table model demo_silver.cash_transactions .............. [OK in 121.65s]
18:06:51  31 of 43 START sql table model demo_gold.dim_customer .......................... [RUN]
25/01/19 18:06:52 WARN ResolveSessionCatalog: A Hive serde table will be created as there is no table provider specified. You can set spark.sql.legacy.createHiveTableByDefault to false so that native data source table will be created instead.
18:07:18  31 of 43 OK created sql table model demo_gold.dim_customer ..................... [OK in 26.27s]
18:07:18  32 of 43 START sql table model demo_gold.dim_trade ............................. [RUN]
25/01/19 18:07:18 WARN ResolveSessionCatalog: A Hive serde table will be created as there is no table provider specified. You can set spark.sql.legacy.createHiveTableByDefault to false so that native data source table will be created instead.
18:16:00  32 of 43 OK created sql table model demo_gold.dim_trade ........................ [OK in 522.86s]
18:16:00  33 of 43 START sql table model demo_silver.trades .............................. [RUN]
25/01/19 18:16:01 WARN ResolveSessionCatalog: A Hive serde table will be created as there is no table provider specified. You can set spark.sql.legacy.createHiveTableByDefault to false so that native data source table will be created instead.
18:20:04  33 of 43 OK created sql table model demo_silver.trades ......................... [OK in 243.79s]
18:20:04  34 of 43 START sql table model demo_gold.dim_security .......................... [RUN]
25/01/19 18:20:05 WARN ResolveSessionCatalog: A Hive serde table will be created as there is no table provider specified. You can set spark.sql.legacy.createHiveTableByDefault to false so that native data source table will be created instead.
18:20:11  34 of 43 OK created sql table model demo_gold.dim_security ..................... [OK in 6.49s]
18:20:11  35 of 43 START sql table model demo_silver.watches_history ..................... [RUN]
25/01/19 18:20:11 WARN ResolveSessionCatalog: A Hive serde table will be created as there is no table provider specified. You can set spark.sql.legacy.createHiveTableByDefault to false so that native data source table will be created instead.
18:25:04  35 of 43 OK created sql table model demo_silver.watches_history ................ [OK in 293.09s]
18:25:04  36 of 43 START sql table model demo_gold.dim_account ........................... [RUN]
25/01/19 18:25:04 WARN ResolveSessionCatalog: A Hive serde table will be created as there is no table provider specified. You can set spark.sql.legacy.createHiveTableByDefault to false so that native data source table will be created instead.
18:25:17  36 of 43 OK created sql table model demo_gold.dim_account ...................... [OK in 13.46s]
18:25:17  37 of 43 START sql table model demo_silver.holdings_history .................... [RUN]
25/01/19 18:25:18 WARN ResolveSessionCatalog: A Hive serde table will be created as there is no table provider specified. You can set spark.sql.legacy.createHiveTableByDefault to false so that native data source table will be created instead.
18:27:35  37 of 43 OK created sql table model demo_silver.holdings_history ............... [OK in 138.17s]
18:27:35  38 of 43 START sql table model demo_silver.watches ............................. [RUN]
25/01/19 18:27:36 WARN ResolveSessionCatalog: A Hive serde table will be created as there is no table provider specified. You can set spark.sql.legacy.createHiveTableByDefault to false so that native data source table will be created instead.
18:32:01  38 of 43 OK created sql table model demo_silver.watches ........................ [OK in 265.74s]
18:32:01  39 of 43 START sql table model demo_gold.fact_cash_transactions ................ [RUN]
25/01/19 18:32:02 WARN ResolveSessionCatalog: A Hive serde table will be created as there is no table provider specified. You can set spark.sql.legacy.createHiveTableByDefault to false so that native data source table will be created instead.
18:34:46  39 of 43 OK created sql table model demo_gold.fact_cash_transactions ........... [OK in 164.98s]
18:34:46  40 of 43 START sql table model demo_gold.fact_trade ............................ [RUN]
25/01/19 18:34:47 WARN ResolveSessionCatalog: A Hive serde table will be created as there is no table provider specified. You can set spark.sql.legacy.createHiveTableByDefault to false so that native data source table will be created instead.
18:43:07  40 of 43 OK created sql table model demo_gold.fact_trade ....................... [OK in 501.04s]
18:43:07  41 of 43 START sql table model demo_gold.fact_holdings ......................... [RUN]
25/01/19 18:43:08 WARN ResolveSessionCatalog: A Hive serde table will be created as there is no table provider specified. You can set spark.sql.legacy.createHiveTableByDefault to false so that native data source table will be created instead.
18:59:00  41 of 43 OK created sql table model demo_gold.fact_holdings .................... [OK in 952.31s]
18:59:00  42 of 43 START sql table model demo_gold.fact_watches .......................... [RUN]
25/01/19 18:59:00 WARN ResolveSessionCatalog: A Hive serde table will be created as there is no table provider specified. You can set spark.sql.legacy.createHiveTableByDefault to false so that native data source table will be created instead.
19:03:26  42 of 43 OK created sql table model demo_gold.fact_watches ..................... [OK in 266.73s]
19:03:26  43 of 43 START sql table model demo_gold.fact_cash_balances .................... [RUN]
25/01/19 19:03:27 WARN ResolveSessionCatalog: A Hive serde table will be created as there is no table provider specified. You can set spark.sql.legacy.createHiveTableByDefault to false so that native data source table will be created instead.
19:07:07  43 of 43 OK created sql table model demo_gold.fact_cash_balances ............... [OK in 220.82s]
19:07:07  
19:07:07  Finished running 43 table models in 1 hours 37 minutes and 26.83 seconds (5846.83s).
19:07:07  
19:07:07  Completed successfully
19:07:07  
19:07:07  Done. PASS=43 WARN=0 ERROR=0 SKIP=0 TOTAL=43
Task exception was never retrieved
future: <Task finished name='Task-79' coro=<ScriptMagics.shebang.<locals>._handle_stream() done, defined at /usr/local/lib/python3.8/dist-packages/IPython/core/magics/script.py:211> exception=ValueError('Separator is not found, and chunk exceed the limit')>
Traceback (most recent call last):
  File "/usr/lib/python3.8/asyncio/streams.py", line 540, in readline
    line = await self.readuntil(sep)
  File "/usr/lib/python3.8/asyncio/streams.py", line 618, in readuntil
    raise exceptions.LimitOverrunError(
asyncio.exceptions.LimitOverrunError: Separator is not found, and chunk exceed the limit

During handling of the above exception, another exception occurred:

Traceback (most recent call last):
  File "/usr/local/lib/python3.8/dist-packages/IPython/core/magics/script.py", line 213, in _handle_stream
    line = (await stream.readline()).decode("utf8", errors="replace")
  File "/usr/lib/python3.8/asyncio/streams.py", line 549, in readline
    raise ValueError(e.args[0])
ValueError: Separator is not found, and chunk exceed the limit